{"numTotalTestSuites":16,"numPassedTestSuites":16,"numFailedTestSuites":0,"numPendingTestSuites":0,"numTotalTests":25,"numPassedTests":25,"numFailedTests":0,"numPendingTests":0,"numTodoTests":0,"startTime":1777324289415,"success":true,"testResults":[{"assertionResults":[{"ancestorTitles":["","PhysicsEngine Property Tests","Property 1: gravity applies with clamp"],"fullName":" PhysicsEngine Property Tests Property 1: gravity applies with clamp **Validates: Requirements 3.1, 3.3** - La física aplica gravedad con clamp correcto","status":"passed","title":"**Validates: Requirements 3.1, 3.3** - La física aplica gravedad con clamp correcto","duration":17,"failureMessages":[]},{"ancestorTitles":["","PhysicsEngine Property Tests","Property 2: flap sets fixed velocity"],"fullName":" PhysicsEngine Property Tests Property 2: flap sets fixed velocity **Validates: Requirements 3.2** - El flap establece velocidad ascendente fija","status":"passed","title":"**Validates: Requirements 3.2** - El flap establece velocidad ascendente fija","duration":5,"failureMessages":[]},{"ancestorTitles":["","PhysicsEngine Property Tests","Property 3: position updates correctly per frame"],"fullName":" PhysicsEngine Property Tests Property 3: position updates correctly per frame **Validates: Requirements 3.5** - La posición se actualiza correctamente cada frame","status":"passed","title":"**Validates: Requirements 3.5** - La posición se actualiza correctamente cada frame","duration":4,"failureMessages":[]}],"startTime":1777324290889,"endTime":1777324290916,"status":"passed","message":"","name":"/home/jauri/Codigos/Kiro/tests/property/physics.property.test.js"},{"assertionResults":[{"ancestorTitles":["","GameState and Asset Loading","GameState structure"],"fullName":" GameState and Asset Loading GameState structure should have all required fields","status":"passed","title":"should have all required fields","duration":2,"failureMessages":[]},{"ancestorTitles":["","GameState and Asset Loading","GameState structure"],"fullName":" GameState and Asset Loading GameState structure should have ghosty with correct initial values","status":"passed","title":"should have ghosty with correct initial values","duration":0,"failureMessages":[]},{"ancestorTitles":["","GameState and Asset Loading","GameState structure"],"fullName":" GameState and Asset Loading GameState structure should have assets object with all audio and image fields","status":"passed","title":"should have assets object with all audio and image fields","duration":1,"failureMessages":[]},{"ancestorTitles":["","GameState and Asset Loading","GameState structure"],"fullName":" GameState and Asset Loading GameState structure should initialize with empty pipes array","status":"passed","title":"should initialize with empty pipes array","duration":0,"failureMessages":[]},{"ancestorTitles":["","GameState and Asset Loading","GameState structure"],"fullName":" GameState and Asset Loading GameState structure should initialize with empty clouds array","status":"passed","title":"should initialize with empty clouds array","duration":0,"failureMessages":[]},{"ancestorTitles":["","GameState and Asset Loading","GameState structure"],"fullName":" GameState and Asset Loading GameState structure should initialize with score and highScore at 0","status":"passed","title":"should initialize with score and highScore at 0","duration":0,"failureMessages":[]},{"ancestorTitles":["","GameState and Asset Loading","GameState structure"],"fullName":" GameState and Asset Loading GameState structure should initialize with frameCount at 0","status":"passed","title":"should initialize with frameCount at 0","duration":0,"failureMessages":[]},{"ancestorTitles":["","GameState and Asset Loading","GameState structure"],"fullName":" GameState and Asset Loading GameState structure should initialize in START phase","status":"passed","title":"should initialize in START phase","duration":1,"failureMessages":[]},{"ancestorTitles":["","GameState and Asset Loading","AudioManager.init"],"fullName":" GameState and Asset Loading AudioManager.init should create Audio elements for jump and game over sounds","status":"passed","title":"should create Audio elements for jump and game over sounds","duration":4,"failureMessages":[]},{"ancestorTitles":["","GameState and Asset Loading","AudioManager.init"],"fullName":" GameState and Asset Loading AudioManager.init should set correct src paths for audio files","status":"passed","title":"should set correct src paths for audio files","duration":11,"failureMessages":[]},{"ancestorTitles":["","GameState and Asset Loading","AudioManager.init"],"fullName":" GameState and Asset Loading AudioManager.init should have error handlers that log and continue","status":"passed","title":"should have error handlers that log and continue","duration":5,"failureMessages":[]},{"ancestorTitles":["","GameState and Asset Loading","AudioManager.play"],"fullName":" GameState and Asset Loading AudioManager.play should reset currentTime to 0 before playing","status":"passed","title":"should reset currentTime to 0 before playing","duration":1,"failureMessages":[]},{"ancestorTitles":["","GameState and Asset Loading","AudioManager.play"],"fullName":" GameState and Asset Loading AudioManager.play should call play() on the audio element","status":"passed","title":"should call play() on the audio element","duration":0,"failureMessages":[]},{"ancestorTitles":["","GameState and Asset Loading","AudioManager.play"],"fullName":" GameState and Asset Loading AudioManager.play should handle null audio element gracefully","status":"passed","title":"should handle null audio element gracefully","duration":1,"failureMessages":[]},{"ancestorTitles":["","GameState and Asset Loading","AudioManager.play"],"fullName":" GameState and Asset Loading AudioManager.play should handle undefined audio element gracefully","status":"passed","title":"should handle undefined audio element gracefully","duration":1,"failureMessages":[]},{"ancestorTitles":["","GameState and Asset Loading","AudioManager.play"],"fullName":" GameState and Asset Loading AudioManager.play should catch and ignore autoplay policy errors","status":"passed","title":"should catch and ignore autoplay policy errors","duration":1,"failureMessages":[]},{"ancestorTitles":["","GameState and Asset Loading","loadAssets"],"fullName":" GameState and Asset Loading loadAssets should load ghosty.png and set ghostyImgLoaded to true on success","status":"passed","title":"should load ghosty.png and set ghostyImgLoaded to true on success","duration":2,"failureMessages":[]},{"ancestorTitles":["","GameState and Asset Loading","loadAssets"],"fullName":" GameState and Asset Loading loadAssets should handle ghosty.png load failure with fallback","status":"passed","title":"should handle ghosty.png load failure with fallback","duration":1,"failureMessages":[]},{"ancestorTitles":["","GameState and Asset Loading","loadAssets"],"fullName":" GameState and Asset Loading loadAssets should initialize AudioManager","status":"passed","title":"should initialize AudioManager","duration":3,"failureMessages":[]}],"startTime":1777324290735,"endTime":1777324290771,"status":"passed","message":"","name":"/home/jauri/Codigos/Kiro/tests/unit/gamestate.test.js"},{"assertionResults":[{"ancestorTitles":["","PhysicsEngine","Unit Tests"],"fullName":" PhysicsEngine Unit Tests Ghosty inicia en posición central al resetear","status":"passed","title":"Ghosty inicia en posición central al resetear","duration":2,"failureMessages":[]}],"startTime":1777324290739,"endTime":1777324290741,"status":"passed","message":"","name":"/home/jauri/Codigos/Kiro/tests/unit/physics.test.js"},{"assertionResults":[{"ancestorTitles":["","Setup verification"],"fullName":" Setup verification should export constants correctly","status":"passed","title":"should export constants correctly","duration":2,"failureMessages":[]},{"ancestorTitles":["","Setup verification"],"fullName":" Setup verification should export all modules","status":"passed","title":"should export all modules","duration":1,"failureMessages":[]}],"startTime":1777324290734,"endTime":1777324290737,"status":"passed","message":"","name":"/home/jauri/Codigos/Kiro/tests/unit/setup.test.js"}]}
